-- collect pdf content of publication id '2312.11595' ...
FloatObject (b'0.00-839895') invalid; use 0.0 instead
FloatObject (b'0.000-19947507') invalid; use 0.0 instead

-- collect pdf content of publication id '2312.11250' ...
FloatObject (b'0.00000000000-11368684') invalid; use 0.0 instead

-- collect pdf content of publication id '2312.12793' ...
Multiple definitions in dictionary at byte 0xe23e8 for key /Rotate

-- collect pdf content of publication id '2312.09940' ...
Traceback (most recent call last):
  File "/usr/local/lib/python3.10/site-packages/urllib3/connection.py", line 203, in _new_conn
    sock = connection.create_connection(
  File "/usr/local/lib/python3.10/site-packages/urllib3/util/connection.py", line 60, in create_connection
    for res in socket.getaddrinfo(host, port, family, socket.SOCK_STREAM):
  File "/usr/local/lib/python3.10/socket.py", line 955, in getaddrinfo
    for res in _socket.getaddrinfo(host, port, family, type, proto, flags):
socket.gaierror: [Errno -3] Temporary failure in name resolution

The above exception was the direct cause of the following exception:

Traceback (most recent call last):
  File "/usr/local/lib/python3.10/site-packages/urllib3/connectionpool.py", line 790, in urlopen
    response = self._make_request(
  File "/usr/local/lib/python3.10/site-packages/urllib3/connectionpool.py", line 496, in _make_request
    conn.request(
  File "/usr/local/lib/python3.10/site-packages/urllib3/connection.py", line 395, in request
    self.endheaders()
  File "/usr/local/lib/python3.10/http/client.py", line 1278, in endheaders
    self._send_output(message_body, encode_chunked=encode_chunked)
  File "/usr/local/lib/python3.10/http/client.py", line 1038, in _send_output
    self.send(msg)
  File "/usr/local/lib/python3.10/http/client.py", line 976, in send
    self.connect()
  File "/usr/local/lib/python3.10/site-packages/urllib3/connection.py", line 243, in connect
    self.sock = self._new_conn()
  File "/usr/local/lib/python3.10/site-packages/urllib3/connection.py", line 210, in _new_conn
    raise NameResolutionError(self.host, self, e) from e
urllib3.exceptions.NameResolutionError: <urllib3.connection.HTTPConnection object at 0x7f771c9a2c20>: Failed to resolve 'arxiv.org' ([Errno -3] Temporary failure in name resolution)

The above exception was the direct cause of the following exception:

Traceback (most recent call last):
  File "/usr/local/lib/python3.10/site-packages/requests/adapters.py", line 486, in send
    resp = conn.urlopen(
  File "/usr/local/lib/python3.10/site-packages/urllib3/connectionpool.py", line 844, in urlopen
    retries = retries.increment(
  File "/usr/local/lib/python3.10/site-packages/urllib3/util/retry.py", line 515, in increment
    raise MaxRetryError(_pool, url, reason) from reason  # type: ignore[arg-type]
urllib3.exceptions.MaxRetryError: HTTPConnectionPool(host='arxiv.org', port=80): Max retries exceeded with url: /pdf/2312.09940v1 (Caused by NameResolutionError("<urllib3.connection.HTTPConnection object at 0x7f771c9a2c20>: Failed to resolve 'arxiv.org' ([Errno -3] Temporary failure in name resolution)"))

During handling of the above exception, another exception occurred:

Traceback (most recent call last):
  File "/scraper/main.py", line 193, in <module>
    ret_val, pub = scrape_pdf_and_calc_vectors(pub)
  File "/scraper/main.py", line 152, in scrape_pdf_and_calc_vectors
    pdf_text = sc_pdf.read_pdf(pub.url, pub.arxiv_id)
  File "/scraper/scraper/pdf_scraper.py", line 12, in read_pdf
    if self.pull(url, self.temp_file):
  File "/scraper/scraper/pdf_scraper.py", line 34, in pull
    self.response = requests.get(self.url)
  File "/usr/local/lib/python3.10/site-packages/requests/api.py", line 73, in get
    return request("get", url, params=params, **kwargs)
  File "/usr/local/lib/python3.10/site-packages/requests/api.py", line 59, in request
    return session.request(method=method, url=url, **kwargs)
  File "/usr/local/lib/python3.10/site-packages/requests/sessions.py", line 589, in request
    resp = self.send(prep, **send_kwargs)
  File "/usr/local/lib/python3.10/site-packages/requests/sessions.py", line 703, in send
    r = adapter.send(request, **kwargs)
  File "/usr/local/lib/python3.10/site-packages/requests/adapters.py", line 519, in send
    raise ConnectionError(e, request=request)
requests.exceptions.ConnectionError: HTTPConnectionPool(host='arxiv.org', port=80): Max retries exceeded with url: /pdf/2312.09940v1 (Caused by NameResolutionError("<urllib3.connection.HTTPConnection object at 0x7f771c9a2c20>: Failed to resolve 'arxiv.org' ([Errno -3] Temporary failure in name resolution)"))

--- writing 0 entries to 'data/temp/id_list.csv' ...
Traceback (most recent call last):
  File "/scraper/main.py", line 261, in <module>
    pub_list.extend(scrape_pdf_and_calc_vectors(metadata_list))
  File "/scraper/main.py", line 151, in scrape_pdf_and_calc_vectors
    print("-- collect pdf content of publication id '" + str(pub.arxiv_id) + "' ...")
AttributeError: 'list' object has no attribute 'arxiv_id'

- scraping publication pdf from tmp_metadata_list and calculating vectors ...
-- collect pdf content of publication id '2312.10885' ...
--- failed to read the pdf. status code: 501
-- collect pdf content of publication id '2312.11589' ...
--- failed to read the pdf. status code: 501
-- collect pdf content of publication id '2312.10391' ...
--- an error occurred: 'EOF marker not found'
-- collect pdf content of publication id '2312.13664' ...
--- failed to read the pdf. status code: 501
-- collect pdf content of publication id '2312.11540' ...
--- failed to read the pdf. status code: 501

-- collect pdf content of publication id '2312.14687' ...
unknown widths : 
[0, IndirectObject(768, 0, 140637822784064), 4, 5, 928, 6, IndirectObject(769, 0, 140637822784064), 7, 8, 748, 9, 10, 894, 11, 12, 828, 13, 14, 924, 15, 18, 917, 19, IndirectObject(770, 0, 140637822784064), 21, 22, 836, 23, 24, 867, 25, 26, 696, 27, 28, 874, 29, IndirectObject(771, 0, 140637822784064), 33, 34, 771, 35, IndirectObject(772, 0, 140637822784064), 37, 38, 888, 39, IndirectObject(773, 0, 140637822784064), 41, 42, 927, 43, IndirectObject(774, 0, 140637822784064), 53, 54, 791, 55, IndirectObject(775, 0, 140637822784064), 56, 59, 438, 60, 63, 787, 64, 65, 761, 66, 67, 759, 68, 69, 762, 70, 73, 892, 74, 75, 788, 76, IndirectObject(776, 0, 140637822784064), 77, 78, 755, 79, 80, 846, 81, IndirectObject(777, 0, 140637822784064), 82, 83, 762, 84, 85, 761, 86, 87, 571, 88, 89, 677, 90, 91, 763, 92, 95, 760, 96, IndirectObject(778, 0, 140637822784064), 101, 102, 577, 103, IndirectObject(779, 0, 140637822784064), 120, 121, 792, 122, IndirectObject(780, 0, 140637822784064), 125, 126, 788, 127, IndirectObject(781, 0, 140637822784064), 153, 154, 392, 155, 156, 668, 157, 158, 390, 159, 160, 317, 161, 162, 276, 163, 164, 509, 165, 166, 410, 167, 168, 234, 169, 170, 334, 171, IndirectObject(782, 0, 140637822784064), 172, 173, 544, 174, 175, 910, 176, 177, 667, 178, 179, 760, 180, IndirectObject(783, 0, 140637822784064), 188, 189, 933, 190, 193, 911, 194, IndirectObject(784, 0, 140637822784064), 195, 196, 945, 197, IndirectObject(785, 0, 140637822784064), 205, 206, 850, 207, 208, 790, 209, 210, 791, 211, 212, 690, 213, IndirectObject(786, 0, 140637822784064), 217, 218, 855, 219, 220, 549, 221, 226, 731, 227, 266, 788, 267, IndirectObject(787, 0, 140637822784064), 287, 290, 865, 291, 294, 877, 295, IndirectObject(788, 0, 140637822784064), 296, 297, 825, 298, 299, 1293, 300, 301, 876, 302, 303, 596, 304, 305, 933, 306, 307, 882, 308, IndirectObject(789, 0, 140637822784064), 318, 319, 889, 320, IndirectObject(790, 0, 140637822784064), 329, 330, 623, 331, IndirectObject(791, 0, 140637822784064), 332, 333, 760, 334, IndirectObject(792, 0, 140637822784064), 337, 338, 760, 339, IndirectObject(793, 0, 140637822784064), 340, 343, 760, 344, IndirectObject(794, 0, 140637822784064), 348, 350, 806, 351, IndirectObject(795, 0, 140637822784064)]
unknown widths : 
[0, IndirectObject(799, 0, 140637822784064), 1, 2, 0, 3, IndirectObject(800, 0, 140637822784064), 4, 14, 579, 15, 16, 763, 17, IndirectObject(801, 0, 140637822784064), 18, 23, 533, 24, 25, 615, 26, 27, 625, 28, 37, 488, 38, IndirectObject(802, 0, 140637822784064), 39, 43, 631, 44, 45, 623, 46, IndirectObject(803, 0, 140637822784064), 47, 56, 252, 57, IndirectObject(804, 0, 140637822784064), 58, 59, 319, 60, 61, 520, 62, 63, 420, 64, IndirectObject(805, 0, 140637822784064), 69, 73, 646, 74, IndirectObject(806, 0, 140637822784064), 75, 83, 662, 84, 85, 664, 86, IndirectObject(807, 0, 140637822784064), 87, 88, 517, 89, IndirectObject(808, 0, 140637822784064), 90, 93, 543, 94, 99, 459, 100, 103, 487, 104, 114, 642, 115, IndirectObject(809, 0, 140637822784064), 116, 120, 890, 121, IndirectObject(810, 0, 140637822784064), 122, 126, 487, 127, 130, 468, 131, 141, 494, 142, 143, 670, 144, IndirectObject(811, 0, 140637822784064), 145, 150, 474, 151, 152, 549, 153, 154, 558, 155, 164, 438, 165, IndirectObject(812, 0, 140637822784064), 166, 170, 563, 171, 172, 559, 173, IndirectObject(813, 0, 140637822784064), 174, 183, 240, 184, IndirectObject(814, 0, 140637822784064), 185, 186, 280, 187, 188, 473, 189, 190, 359, 191, IndirectObject(815, 0, 140637822784064), 196, 200, 571, 201, IndirectObject(816, 0, 140637822784064), 202, 210, 583, 211, 212, 591, 213, IndirectObject(817, 0, 140637822784064), 214, 215, 471, 216, IndirectObject(818, 0, 140637822784064), 217, 220, 491, 221, 226, 414, 227, 230, 418, 231, 241, 569, 242, IndirectObject(819, 0, 140637822784064), 243, 247, 780, 248, IndirectObject(820, 0, 140637822784064), 249, 253, 439, 254, 257, 426, 258, 268, 479, 269, 270, 773, 271, IndirectObject(821, 0, 140637822784064), 272, 277, 423, 278, IndirectObject(822, 0, 140637822784064), 280, 281, 750, 282, IndirectObject(823, 0, 140637822784064), 286, 295, 498, 296, IndirectObject(824, 0, 140637822784064), 302, 305, 529, 306, 309, 539, 310, 311, 529, 312, 315, 808, 316, 319, 817, 320, 321, 808, 322, 323, 529, 324, IndirectObject(825, 0, 140637822784064), 327, 328, 529, 329, IndirectObject(826, 0, 140637822784064), 332, 333, 616, 334, IndirectObject(827, 0, 140637822784064), 336, 340, 471, 341, 347, 525, 348, IndirectObject(828, 0, 140637822784064), 349, 358, 229, 359, IndirectObject(829, 0, 140637822784064), 361, 363, 239, 364, 366, 455, 367, 368, 229, 369, IndirectObject(830, 0, 140637822784064), 374, 378, 525, 379, IndirectObject(831, 0, 140637822784064), 381, 389, 527, 390, 391, 529, 392, IndirectObject(832, 0, 140637822784064), 393, 395, 525, 396, 399, 349, 400, 405, 391, 406, IndirectObject(833, 0, 140637822784064), 414, 423, 557, 424, IndirectObject(834, 0, 140637822784064), 426, 435, 856, 436, 446, 525, 447, IndirectObject(835, 0, 140637822784064), 448, 452, 715, 453, IndirectObject(836, 0, 140637822784064), 454, 458, 453, 459, 462, 395, 463, IndirectObject(837, 0, 140637822784064), 479, 482, 362, 483, IndirectObject(838, 0, 140637822784064), 495, 496, 0, 497, IndirectObject(839, 0, 140637822784064), 500, 501, 0, 502, IndirectObject(840, 0, 140637822784064), 505, 506, 0, 507, IndirectObject(841, 0, 140637822784064), 510, 511, 0, 512, IndirectObject(842, 0, 140637822784064), 516, 517, 0, 518, IndirectObject(843, 0, 140637822784064), 522, 523, 0, 524, IndirectObject(844, 0, 140637822784064), 527, 528, 0, 529, IndirectObject(845, 0, 140637822784064), 532, 533, 0, 534, IndirectObject(846, 0, 140637822784064), 537, 538, 0, 539, IndirectObject(847, 0, 140637822784064), 545, 546, 0, 547, IndirectObject(848, 0, 140637822784064), 549, 550, 226, 551, 552, 0, 553, IndirectObject(849, 0, 140637822784064), 559, 560, 579, 561, IndirectObject(850, 0, 140637822784064), 564, 565, 488, 566, IndirectObject(851, 0, 140637822784064), 567, 568, 623, 569, IndirectObject(852, 0, 140637822784064), 570, 572, 252, 573, IndirectObject(853, 0, 140637822784064), 578, 579, 662, 580, IndirectObject(854, 0, 140637822784064), 583, 586, 487, 587, IndirectObject(855, 0, 140637822784064), 590, 591, 664, 592, 593, 494, 594, IndirectObject(856, 0, 140637822784064), 597, 598, 438, 599, IndirectObject(857, 0, 140637822784064), 600, 601, 559, 602, IndirectObject(858, 0, 140637822784064), 603, 605, 240, 606, IndirectObject(859, 0, 140637822784064), 611, 612, 583, 613, IndirectObject(860, 0, 140637822784064), 617, 619, 439, 620, IndirectObject(861, 0, 140637822784064), 623, 624, 586, 625, 626, 567, 627, IndirectObject(862, 0, 140637822784064), 631, 632, 456, 633, IndirectObject(863, 0, 140637822784064), 634, 635, 537, 636, IndirectObject(864, 0, 140637822784064), 638, 641, 274, 642, IndirectObject(865, 0, 140637822784064), 646, 647, 376, 648, 649, 527, 650, IndirectObject(866, 0, 140637822784064), 655, 658, 542, 659, IndirectObject(867, 0, 140637822784064), 663, 664, 696, 665, IndirectObject(868, 0, 140637822784064), 668, 670, 252, 671, IndirectObject(869, 0, 140637822784064), 672, 673, 250, 674, IndirectObject(870, 0, 140637822784064), 677, 678, 430, 679, IndirectObject(871, 0, 140637822784064), 681, 683, 488, 684, IndirectObject(872, 0, 140637822784064), 686, 688, 642, 689, 690, 252, 691, IndirectObject(873, 0, 140637822784064), 692, 693, 543, 694, IndirectObject(874, 0, 140637822784064), 699, 700, 662, 701, IndirectObject(875, 0, 140637822784064), 706, 707, 527, 708, IndirectObject(876, 0, 140637822784064), 729, 730, 385, 731, IndirectObject(877, 0, 140637822784064), 733, 735, 438, 736, IndirectObject(878, 0, 140637822784064), 738, 740, 567, 741, 742, 240, 743, IndirectObject(879, 0, 140637822784064), 744, 745, 474, 746, IndirectObject(880, 0, 140637822784064), 749, 750, 583, 751, IndirectObject(881, 0, 140637822784064), 756, 757, 452, 758, IndirectObject(882, 0, 140637822784064), 782, 783, 346, 784, IndirectObject(883, 0, 140637822784064), 786, 788, 498, 789, IndirectObject(884, 0, 140637822784064), 791, 793, 541, 794, 795, 229, 796, IndirectObject(885, 0, 140637822784064), 797, 798, 464, 799, IndirectObject(886, 0, 140637822784064), 811, 812, 453, 813, IndirectObject(887, 0, 140637822784064), 831, 833, 429, 834, 835, 0, 836, 838, 326, 839, 841, 463, 842, IndirectObject(888, 0, 140637822784064), 843, 844, 297, 845, IndirectObject(889, 0, 140637822784064), 848, 849, 268, 850, IndirectObject(890, 0, 140637822784064), 852, 855, 250, 856, 859, 418, 860, IndirectObject(891, 0, 140637822784064), 862, 865, 339, 866, 869, 512, 870, IndirectObject(892, 0, 140637822784064), 876, 877, 306, 878, 879, 498, 880, 883, 905, 884, 885, 498, 886, 887, 252, 888, 889, 303, 890, 891, 307, 892, 893, 314, 894, 895, 281, 896, 897, 286, 898, 899, 303, 900, 901, 307, 902, 903, 314, 904, 907, 498, 908, IndirectObject(893, 0, 140637822784064), 910, 911, 498, 912, IndirectObject(894, 0, 140637822784064), 920, 921, 834, 922, IndirectObject(895, 0, 140637822784064), 932, 933, 498, 934, IndirectObject(896, 0, 140637822784064), 940, 941, 453, 942, IndirectObject(897, 0, 140637822784064), 949, 950, 490, 951, IndirectObject(898, 0, 140637822784064), 955, 956, 526, 957, 966, 507, 967, IndirectObject(899, 0, 140637822784064), 977, 986, 453, 987, IndirectObject(900, 0, 140637822784064), 989, 990, 490, 991, IndirectObject(901, 0, 140637822784064), 995, 996, 526, 997, 1006, 507, 1007, IndirectObject(902, 0, 140637822784064), 1020, 1021, 217, 1022, IndirectObject(903, 0, 140637822784064), 1035, 1036, 217, 1037, IndirectObject(904, 0, 140637822784064), 1040, 1041, 286, 1042, IndirectObject(905, 0, 140637822784064), 1050, 1051, 286, 1052, IndirectObject(906, 0, 140637822784064), 1065, 1066, 723, 1067, IndirectObject(907, 0, 140637822784064), 1078, 1090, 498, 1091, IndirectObject(908, 0, 140637822784064), 1103, 1106, 905, 1107, 1110, 882, 1111, IndirectObject(909, 0, 140637822784064), 1115, 1131, 550, 1132, 1143, 579, 1144, 1151, 488, 1152, 1153, 252, 1154, 1160, 662, 1161, 1166, 697, 1167, 1168, 642, 1169, 1174, 722, 1175, 1177, 487, 1178, 1189, 479, 1190, 1197, 498, 1198, 1199, 229, 1200, 1206, 527, 1207, 1212, 578, 1213, 1214, 525, 1215, 1220, 603, 1221, 1223, 453, 1224, IndirectObject(910, 0, 140637822784064), 1226, 1237, 494, 1238, 1245, 438, 1246, 1247, 240, 1248, 1254, 583, 1255, 1260, 615, 1261, 1262, 569, 1263, 1268, 635, 1269, 1271, 439, 1272, IndirectObject(911, 0, 140637822784064), 1273, 1280, 550, 1281, IndirectObject(912, 0, 140637822784064), 1282, 1283, 643, 1284, IndirectObject(913, 0, 140637822784064), 1285, 1286, 572, 1287, IndirectObject(914, 0, 140637822784064), 1292, 1294, 529, 1295, 1297, 808, 1298, IndirectObject(915, 0, 140637822784064), 1311, 1312, 432, 1313, IndirectObject(916, 0, 140637822784064), 1325, 1326, 550, 1327, 1328, 469, 1329, 1331, 381, 1332, 1333, 250, 1334, 1335, 0, 1336, 1342, 333, 1343, 1344, 312, 1345, IndirectObject(917, 0, 140637822784064), 1347, 1348, 333, 1349, 1356, 0, 1357, IndirectObject(918, 0, 140637822784064), 1359, 1360, 333, 1361, 1362, 450, 1363, 1368, 0, 1369, IndirectObject(919, 0, 140637822784064), 1370, 1371, 500, 1372, IndirectObject(920, 0, 140637822784064), 1376, 1377, 333, 1378, IndirectObject(921, 0, 140637822784064), 1383, 1386, 920, 1387, IndirectObject(922, 0, 140637822784064), 1388, 1389, 920, 1390, IndirectObject(923, 0, 140637822784064), 1403, 1404, 394, 1405, IndirectObject(924, 0, 140637822784064), 1440, 1441, 474, 1442, IndirectObject(925, 0, 140637822784064), 1452, 1456, 642, 1457, 1458, 579, 1459, IndirectObject(926, 0, 140637822784064), 1460, 1461, 631, 1462, IndirectObject(927, 0, 140637822784064), 1463, 1464, 662, 1465, IndirectObject(928, 0, 140637822784064), 1472, 1473, 579, 1474, 1475, 488, 1476, 1477, 252, 1478, 1479, 662, 1480, 1481, 543, 1482, 1483, 642, 1484, IndirectObject(929, 0, 140637822784064), 1491, 1494, 662, 1495, IndirectObject(930, 0, 140637822784064), 1510, 1512, 544, 1513, IndirectObject(931, 0, 140637822784064), 1514, 1518, 615, 1519, 1523, 488, 1524, IndirectObject(932, 0, 140637822784064), 1526, 1530, 623, 1531, 1532, 252, 1533, 1535, 520, 1536, 1539, 420, 1540, 1542, 855, 1543, 1546, 646, 1547, 1550, 662, 1551, 1552, 517, 1553, 1556, 543, 1557, 1561, 459, 1562, 1565, 487, 1566, 1570, 642, 1571, 1572, 567, 1573, 1574, 890, 1575, 1576, 519, 1577, IndirectObject(933, 0, 140637822784064), 1578, 1580, 468, 1581, IndirectObject(934, 0, 140637822784064), 1592, 1593, 525, 1594, IndirectObject(935, 0, 140637822784064), 1620, 1624, 525, 1625, IndirectObject(936, 0, 140637822784064), 1626, 1627, 479, 1628, IndirectObject(937, 0, 140637822784064), 1632, 1633, 527, 1634, IndirectObject(938, 0, 140637822784064), 1639, 1640, 479, 1641, 1642, 498, 1643, 1644, 229, 1645, 1646, 527, 1647, 1648, 349, 1649, 1650, 525, 1651, IndirectObject(939, 0, 140637822784064), 1658, 1661, 527, 1662, IndirectObject(940, 0, 140637822784064), 1673, 1674, 281, 1675, IndirectObject(941, 0, 140637822784064), 1686, 1688, 525, 1689, IndirectObject(942, 0, 140637822784064), 1690, 1694, 525, 1695, 1699, 498, 1700, IndirectObject(943, 0, 140637822784064), 1702, 1706, 525, 1707, 1709, 229, 1710, 1712, 455, 1713, 1716, 229, 1717, 1719, 799, 1720, 1723, 525, 1724, 1727, 527, 1728, 1729, 525, 1730, 1733, 349, 1734, 1738, 391, 1739, 1742, 335, 1743, 1747, 525, 1748, 1749, 452, 1750, 1751, 715, 1752, 1753, 433, 1754, IndirectObject(944, 0, 140637822784064), 1755, 1757, 395, 1758, IndirectObject(945, 0, 140637822784064), 1776, 1777, 491, 1778, IndirectObject(946, 0, 140637822784064), 1818, 1822, 569, 1823, 1824, 494, 1825, IndirectObject(947, 0, 140637822784064), 1826, 1827, 563, 1828, IndirectObject(948, 0, 140637822784064), 1829, 1830, 583, 1831, IndirectObject(949, 0, 140637822784064), 1838, 1839, 494, 1840, 1841, 438, 1842, 1843, 240, 1844, 1845, 583, 1846, 1847, 491, 1848, 1849, 569, 1850, IndirectObject(950, 0, 140637822784064), 1857, 1860, 583, 1861, IndirectObject(951, 0, 140637822784064), 1882, 1884, 502, 1885, IndirectObject(952, 0, 140637822784064), 1886, 1890, 549, 1891, 1895, 438, 1896, IndirectObject(953, 0, 140637822784064), 1898, 1902, 559, 1903, 1904, 240, 1905, 1907, 473, 1908, 1911, 359, 1912, 1914, 753, 1915, 1918, 571, 1919, 1922, 583, 1923, 1924, 471, 1925, 1928, 491, 1929, 1933, 414, 1934, 1937, 418, 1938, 1942, 569, 1943, 1944, 499, 1945, 1946, 780, 1947, 1948, 475, 1949, IndirectObject(954, 0, 140637822784064), 1950, 1952, 426, 1953, IndirectObject(955, 0, 140637822784064), 1968, 1969, 529, 1970, 1971, 535, 1972, 1973, 529, 1974, IndirectObject(956, 0, 140637822784064), 1975, 1976, 529, 1977, 1978, 808, 1979, 1980, 813, 1981, 1982, 808, 1983, IndirectObject(957, 0, 140637822784064), 1984, 1985, 808, 1986, 1994, 557, 1995, 2003, 856, 2004, IndirectObject(958, 0, 140637822784064), 2005, 2007, 525, 2008, IndirectObject(959, 0, 140637822784064), 2010, 2011, 525, 2012, 2013, 498, 2014, IndirectObject(960, 0, 140637822784064), 2015, 2016, 423, 2017, IndirectObject(961, 0, 140637822784064), 2020, 2021, 525, 2022, IndirectObject(962, 0, 140637822784064), 2025, 2027, 525, 2028, IndirectObject(963, 0, 140637822784064), 2036, 2037, 798, 2038, IndirectObject(964, 0, 140637822784064), 2039, 2040, 525, 2041, IndirectObject(965, 0, 140637822784064), 2046, 2050, 349, 2051, 2052, 319, 2053, 2054, 449, 2055, IndirectObject(966, 0, 140637822784064), 2060, 2061, 335, 2062, IndirectObject(967, 0, 140637822784064), 2073, 2075, 447, 2076, IndirectObject(968, 0, 140637822784064), 2086, 2087, 447, 2088, IndirectObject(969, 0, 140637822784064), 2097, 2098, 492, 2099, IndirectObject(970, 0, 140637822784064), 2123, 2124, 527, 2125, IndirectObject(971, 0, 140637822784064), 2126, 2127, 476, 2128, IndirectObject(972, 0, 140637822784064), 2150, 2151, 332, 2152, IndirectObject(973, 0, 140637822784064), 2159, 2161, 432, 2162, IndirectObject(974, 0, 140637822784064), 2168, 2169, 334, 2170, IndirectObject(975, 0, 140637822784064), 2172, 2173, 362, 2174, 2175, 340, 2176, 2177, 308, 2178, IndirectObject(976, 0, 140637822784064), 2182, 2183, 362, 2184, IndirectObject(977, 0, 140637822784064), 2185, 2187, 362, 2188, IndirectObject(978, 0, 140637822784064), 2248, 2249, 423, 2250, IndirectObject(979, 0, 140637822784064), 2261, 2262, 219, 2263, IndirectObject(980, 0, 140637822784064), 2273, 2274, 542, 2275, IndirectObject(981, 0, 140637822784064), 2285, 2286, 362, 2287, IndirectObject(982, 0, 140637822784064), 2293, 2294, 364, 2295, IndirectObject(983, 0, 140637822784064), 2296, 2297, 245, 2298, IndirectObject(984, 0, 140637822784064), 2304, 2306, 250, 2307, 2308, 226, 2309, 2310, 325, 2311, 2312, 498, 2313, 2314, 537, 2315, IndirectObject(985, 0, 140637822784064), 2322, 2323, 278, 2324, 2325, 226, 2326, 2331, 333, 2332, IndirectObject(986, 0, 140637822784064), 2337, 2341, 383, 2342, 2345, 542, 2346, IndirectObject(987, 0, 140637822784064), 2347, 2357, 542, 2358, IndirectObject(988, 0, 140637822784064), 2359, 2363, 542, 2364, IndirectObject(989, 0, 140637822784064), 2365, 2369, 542, 2370, IndirectObject(990, 0, 140637822784064), 2371, 2379, 542, 2380, IndirectObject(991, 0, 140637822784064), 2381, 2391, 542, 2392, IndirectObject(992, 0, 140637822784064), 2393, 2397, 542, 2398, IndirectObject(993, 0, 140637822784064), 2399, 2403, 542, 2404, IndirectObject(994, 0, 140637822784064), 2405, 2413, 542, 2414, IndirectObject(995, 0, 140637822784064), 2415, 2419, 542, 2420, IndirectObject(996, 0, 140637822784064), 2421, 2425, 542, 2426, IndirectObject(997, 0, 140637822784064), 2427, 2431, 542, 2432, IndirectObject(998, 0, 140637822784064), 2433, 2437, 542, 2438, IndirectObject(999, 0, 140637822784064), 2439, 2447, 542, 2448, IndirectObject(1000, 0, 140637822784064), 2449, 2453, 542, 2454, IndirectObject(1001, 0, 140637822784064), 2455, 2459, 542, 2460, IndirectObject(1002, 0, 140637822784064), 2461, 2465, 542, 2466, IndirectObject(1003, 0, 140637822784064), 2467, 2471, 542, 2472, IndirectObject(1004, 0, 140637822784064), 2473, 2481, 542, 2482, 2483, 333, 2484, IndirectObject(1005, 0, 140637822784064), 2487, 2490, 333, 2491, IndirectObject(1006, 0, 140637822784064), 2493, 2494, 469, 2495, IndirectObject(1007, 0, 140637822784064), 2497, 2500, 333, 2501, 2502, 531, 2503, IndirectObject(1008, 0, 140637822784064), 2504, 2505, 394, 2506, IndirectObject(1009, 0, 140637822784064), 2508, 2509, 884, 2510, IndirectObject(1010, 0, 140637822784064), 2516, 2518, 395, 2519, 2522, 550, 2523, IndirectObject(1011, 0, 140637822784064), 2524, 2527, 533, 2528, IndirectObject(1012, 0, 140637822784064), 2539, 2540, 432, 2541, IndirectObject(1013, 0, 140637822784064), 2544, 2545, 509, 2546, 2549, 423, 2550, IndirectObject(1014, 0, 140637822784064), 2561, 2564, 474, 2565, 2567, 442, 2568, IndirectObject(1015, 0, 140637822784064), 2575, 2595, 579, 2596, 2604, 799, 2605, IndirectObject(1016, 0, 140637822784064), 2606, 2607, 592, 2608, IndirectObject(1017, 0, 140637822784064), 2611, 2612, 488, 2613, IndirectObject(1018, 0, 140637822784064), 2614, 2615, 727, 2616, IndirectObject(1019, 0, 140637822784064), 2618, 2619, 727, 2620, IndirectObject(1020, 0, 140637822784064), 2621, 2624, 623, 2625, 2626, 727, 2627, IndirectObject(1021, 0, 140637822784064), 2629, 2630, 727, 2631, IndirectObject(1022, 0, 140637822784064), 2632, 2633, 844, 2634, 2635, 948, 2636, IndirectObject(1023, 0, 140637822784064), 2638, 2639, 948, 2640, IndirectObject(1024, 0, 140637822784064), 2642, 2643, 356, 2644, IndirectObject(1025, 0, 140637822784064), 2646, 2647, 356, 2648, IndirectObject(1026, 0, 140637822784064), 2649, 2652, 252, 2653, IndirectObject(1027, 0, 140637822784064), 2659, 2660, 662, 2661, IndirectObject(1028, 0, 140637822784064), 2666, 2669, 487, 2670, IndirectObject(1029, 0, 140637822784064), 2678, 2681, 664, 2682, IndirectObject(1030, 0, 140637822784064), 2689, 2690, 885, 2691, IndirectObject(1031, 0, 140637822784064), 2698, 2722, 567, 2723, 2730, 456, 2731, 2753, 537, 2754, 2769, 274, 2770, 2777, 527, 2778, 2779, 509, 2780, 2795, 542, 2796, 2818, 696, 2819, 2840, 494, 2841, 2849, 715, 2850, 2857, 438, 2858, 2877, 559, 2878, 2886, 779, 2887, 2902, 240, 2903, 2910, 583, 2911, 2912, 471, 2913, IndirectObject(1032, 0, 140637822784064), 2939, 2958, 586, 2959, 2967, 807, 2968, 2976, 579, 2977, 2978, 623, 2979, 2980, 727, 2981, IndirectObject(1033, 0, 140637822784064), 2983, 2984, 727, 2985, IndirectObject(1034, 0, 140637822784064), 2986, 2987, 664, 2988, IndirectObject(1035, 0, 140637822784064), 2995, 3003, 799, 3004, 3005, 844, 3006, 3007, 948, 3008, 3009, 844, 3010, 3011, 948, 3012, IndirectObject(1036, 0, 140637822784064), 3013, 3014, 885, 3015, IndirectObject(1037, 0, 140637822784064), 3017, 3018, 885, 3019, IndirectObject(1038, 0, 140637822784064), 3022, 3023, 231, 3024, 3025, 317, 3026, IndirectObject(1039, 0, 140637822784064), 3027, 3028, 395, 3029, IndirectObject(1040, 0, 140637822784064), 3030, 3031, 395, 3032, IndirectObject(1041, 0, 140637822784064), 3033, 3034, 494, 3035, IndirectObject(1042, 0, 140637822784064), 3038, 3039, 221, 3040, IndirectObject(1043, 0, 140637822784064), 3056, 3058, 487, 3059, IndirectObject(1044, 0, 140637822784064), 3062, 3063, 556, 3064, 3065, 745, 3066, IndirectObject(1045, 0, 140637822784064), 3070, 3071, 623, 3072, IndirectObject(1046, 0, 140637822784064), 3074, 3075, 579, 3076, IndirectObject(1047, 0, 140637822784064), 3078, 3079, 643, 3080, IndirectObject(1048, 0, 140637822784064), 3081, 3082, 474, 3083, 3084, 642, 3085, 3087, 662, 3088, IndirectObject(1049, 0, 140637822784064), 3089, 3091, 527, 3092, IndirectObject(1050, 0, 140637822784064), 3125, 3126, 452, 3127, IndirectObject(1051, 0, 140637822784064), 3130, 3131, 469, 3132, 3133, 598, 3134, IndirectObject(1052, 0, 140637822784064), 3142, 3143, 479, 3144, IndirectObject(1053, 0, 140637822784064), 3145, 3147, 498, 3148, IndirectObject(1054, 0, 140637822784064), 3151, 3152, 541, 3153, IndirectObject(1055, 0, 140637822784064), 3154, 3155, 524, 3156, IndirectObject(1056, 0, 140637822784064), 3157, 3159, 453, 3160, IndirectObject(1057, 0, 140637822784064), 3184, 3185, 474, 3186, IndirectObject(1058, 0, 140637822784064), 3193, 3194, 439, 3195, IndirectObject(1059, 0, 140637822784064), 3198, 3199, 497, 3200, 3201, 664, 3202, IndirectObject(1060, 0, 140637822784064), 3210, 3211, 494, 3212, IndirectObject(1061, 0, 140637822784064), 3214, 3215, 579, 3216, IndirectObject(1062, 0, 140637822784064), 3219, 3220, 567, 3221, 3223, 583, 3224, IndirectObject(1063, 0, 140637822784064), 3225, 3227, 452, 3228, IndirectObject(1064, 0, 140637822784064), 3246, IndirectObject(1065, 0, 140637822784064), 3248, IndirectObject(1066, 0, 140637822784064), 3255, 3257, 0, 3258, 3259, 507, 3260, IndirectObject(1067, 0, 140637822784064), 3271, 3272, 533, 3273, IndirectObject(1068, 0, 140637822784064), 3296, 3297, 540, 3298, 3303, 500, 3304, IndirectObject(1069, 0, 140637822784064), 3317, 3319, 394, 3320, 3321, 291, 3322, IndirectObject(1070, 0, 140637822784064), 3337, 3338, 928, 3339, IndirectObject(1071, 0, 140637822784064), 3371, 3372, 0, 3373, IndirectObject(1072, 0, 140637822784064), 3380, 3381, 354, 3382, IndirectObject(1073, 0, 140637822784064), 3384, 3392, 1328, 3393, 3397, 0, 3398, 3399, 450, 3400, 3402, 393, 3403, IndirectObject(1074, 0, 140637822784064), 3404, 3405, 393, 3406, IndirectObject(1075, 0, 140637822784064), 3407, 3408, 395, 3409, IndirectObject(1076, 0, 140637822784064), 3415, 3418, 0, 3419, 3428, 393, 3429, 3430, 0, 3431, 3432, 450, 3433, IndirectObject(1077, 0, 140637822784064), 3437, 3438, 409, 3439, IndirectObject(1078, 0, 140637822784064), 3440, 3441, 410, 3442, 3443, 454, 3444, IndirectObject(1079, 0, 140637822784064), 3445, 3451, 0, 3452, IndirectObject(1080, 0, 140637822784064), 3455, 3458, 487, 3459, 3461, 494, 3462, 3464, 715, 3465, 3467, 559, 3468, 3470, 779, 3471, 3473, 439, 3474, 3476, 586, 3477, 3479, 807, 3480, 3675, 0, 3676, IndirectObject(1081, 0, 140637822784064), 3677, 3679, 442, 3680, IndirectObject(1082, 0, 140637822784064), 3681, 3684, 525, 3685, IndirectObject(1083, 0, 140637822784064), 3686, 3717, 1328, 3718, IndirectObject(1084, 0, 140637822784064), 3719, 3722, 507]

-- collect pdf content of publication id '2312.14635' ...
FloatObject (b'0.00-50') invalid; use 0.0 instead
FloatObject (b'0.00-50') invalid; use 0.0 instead
FloatObject (b'0.0000-13123359') invalid; use 0.0 instead
FloatObject (b'0.00-50') invalid; use 0.0 instead
FloatObject (b'0.00-50') invalid; use 0.0 instead
FloatObject (b'0.0000-13123359') invalid; use 0.0 instead
FloatObject (b'0.00-50') invalid; use 0.0 instead
FloatObject (b'0.00-50') invalid; use 0.0 instead
FloatObject (b'0.0000-13123359') invalid; use 0.0 instead
FloatObject (b'0.00-50') invalid; use 0.0 instead
FloatObject (b'0.00-50') invalid; use 0.0 instead
FloatObject (b'0.00-50') invalid; use 0.0 instead
FloatObject (b'0.00-50') invalid; use 0.0 instead
FloatObject (b'0.00-50') invalid; use 0.0 instead
FloatObject (b'0.00-50') invalid; use 0.0 instead
FloatObject (b'0.00-50') invalid; use 0.0 instead
FloatObject (b'0.00-50') invalid; use 0.0 instead